Arguments: 
  /usr/local/bin/node /usr/local/bin/yarn add @aspectom/hello-world

PATH: 
  /usr/local/bin:/usr/bin:/bin:/usr/sbin:/sbin:/Library/Apple/usr/bin

Yarn version: 
  1.22.10

Node version: 
  16.15.0

Platform: 
  darwin x64

Trace: 
  Error: https://registry.yarnpkg.com/@aspectom%2fhello-world: Not found
      at Request.params.callback [as _callback] (/usr/local/lib/node_modules/yarn/lib/cli.js:66988:18)
      at Request.self.callback (/usr/local/lib/node_modules/yarn/lib/cli.js:140662:22)
      at Request.emit (node:events:527:28)
      at Request.<anonymous> (/usr/local/lib/node_modules/yarn/lib/cli.js:141634:10)
      at Request.emit (node:events:527:28)
      at IncomingMessage.<anonymous> (/usr/local/lib/node_modules/yarn/lib/cli.js:141556:12)
      at Object.onceWrapper (node:events:641:28)
      at IncomingMessage.emit (node:events:539:35)
      at endReadableNT (node:internal/streams/readable:1345:12)
      at processTicksAndRejections (node:internal/process/task_queues:83:21)

npm manifest: 
  {
    "name": "use-lerna-repo",
    "version": "1.0.0",
    "main": "index.js",
    "license": "MIT",
    "dependencies": {
      "@alangrn/aloha-world": "^0.0.3"
    }
  }

yarn manifest: 
  No manifest

Lockfile: 
  # THIS IS AN AUTOGENERATED FILE. DO NOT EDIT THIS FILE DIRECTLY.
  # yarn lockfile v1
  
  
  "@alangrn/aloha-world@^0.0.3":
    version "0.0.3"
    resolved "https://registry.yarnpkg.com/@alangrn/aloha-world/-/aloha-world-0.0.3.tgz#e30eb861936e7d2aac10bced11c0138d4fe78b1a"
    integrity sha512-OHkIa+cQScONVa65snzDhR/5OUY5U2K6AVcfmiuRjbQ6sgJ3FBrN8pK4rLxE76l/QDkz8ueNS5t8v4TSnJ2PKA==
